# JRE version: OpenJDK Runtime Environment (8.0_202-b03) (build 1.8.0_202-release-1483-b03)
# Java VM: OpenJDK 64-Bit Server VM (25.202-b03 mixed mode windows-amd64 compressed oops)
Heap:
 PSYoungGen      total 131584K, used 54107K [0x00000000e0000000, 0x00000000e8a00000, 0x0000000100000000)
  eden space 122880K, 44% used [0x00000000e0000000,0x00000000e34d6fc8,0x00000000e7800000)
  from space 8704K, 0% used [0x00000000e8180000,0x00000000e8180000,0x00000000e8a00000)
  to   space 9216K, 0% used [0x00000000e7800000,0x00000000e7800000,0x00000000e8100000)
 ParOldGen       total 48128K, used 17656K [0x00000000a0000000, 0x00000000a2f00000, 0x00000000e0000000)
  object space 48128K, 36% used [0x00000000a0000000,0x00000000a113e120,0x00000000a2f00000)
 Metaspace       used 42053K, capacity 42856K, committed 43096K, reserved 1087488K
  class space    used 5702K, capacity 5940K, committed 6016K, reserved 1048576K
GC Heap History (10 events):
Event: 10.463 GC heap before
{Heap before GC invocations=6 (full 0):
 PSYoungGen      total 64000K, used 24853K [0x00000000e0000000, 0x00000000e8b00000, 0x0000000100000000)
  eden space 61440K, 36% used [0x00000000e0000000,0x00000000e15cd768,0x00000000e3c00000)
  from space 2560K, 98% used [0x00000000e3c00000,0x00000000e3e78030,0x00000000e3e80000)
  to   space 9728K, 0% used [0x00000000e8180000,0x00000000e8180000,0x00000000e8b00000)
 ParOldGen       total 40960K, used 12424K [0x00000000a0000000, 0x00000000a2800000, 0x00000000e0000000)
  object space 40960K, 30% used [0x00000000a0000000,0x00000000a0c22040,0x00000000a2800000)
 Metaspace       used 20763K, capacity 21132K, committed 21248K, reserved 1067008K
  class space    used 2918K, capacity 3066K, committed 3072K, reserved 1048576K
Event: 10.552 GC heap after
Heap after GC invocations=6 (full 0):
 PSYoungGen      total 131584K, used 5533K [0x00000000e0000000, 0x00000000e8a00000, 0x0000000100000000)
  eden space 122880K, 0% used [0x00000000e0000000,0x00000000e0000000,0x00000000e7800000)
  from space 8704K, 63% used [0x00000000e8180000,0x00000000e86e77a8,0x00000000e8a00000)
  to   space 9216K, 0% used [0x00000000e7800000,0x00000000e7800000,0x00000000e8100000)
 ParOldGen       total 40960K, used 12424K [0x00000000a0000000, 0x00000000a2800000, 0x00000000e0000000)
  object space 40960K, 30% used [0x00000000a0000000,0x00000000a0c22040,0x00000000a2800000)
 Metaspace       used 20763K, capacity 21132K, committed 21248K, reserved 1067008K
  class space    used 2918K, capacity 3066K, committed 3072K, reserved 1048576K
}
Event: 10.552 GC heap before
{Heap before GC invocations=7 (full 1):
 PSYoungGen      total 131584K, used 5533K [0x00000000e0000000, 0x00000000e8a00000, 0x0000000100000000)
  eden space 122880K, 0% used [0x00000000e0000000,0x00000000e0000000,0x00000000e7800000)
  from space 8704K, 63% used [0x00000000e8180000,0x00000000e86e77a8,0x00000000e8a00000)
  to   space 9216K, 0% used [0x00000000e7800000,0x00000000e7800000,0x00000000e8100000)
 ParOldGen       total 40960K, used 12424K [0x00000000a0000000, 0x00000000a2800000, 0x00000000e0000000)
  object space 40960K, 30% used [0x00000000a0000000,0x00000000a0c22040,0x00000000a2800000)
 Metaspace       used 20763K, capacity 21132K, committed 21248K, reserved 1067008K
  class space    used 2918K, capacity 3066K, committed 3072K, reserved 1048576K
Event: 10.756 GC heap after
Heap after GC invocations=7 (full 1):
 PSYoungGen      total 131584K, used 0K [0x00000000e0000000, 0x00000000e8a00000, 0x0000000100000000)
  eden space 122880K, 0% used [0x00000000e0000000,0x00000000e0000000,0x00000000e7800000)
  from space 8704K, 0% used [0x00000000e8180000,0x00000000e8180000,0x00000000e8a00000)
  to   space 9216K, 0% used [0x00000000e7800000,0x00000000e7800000,0x00000000e8100000)
 ParOldGen       total 36352K, used 10902K [0x00000000a0000000, 0x00000000a2380000, 0x00000000e0000000)
  object space 36352K, 29% used [0x00000000a0000000,0x00000000a0aa5a20,0x00000000a2380000)
 Metaspace       used 20763K, capacity 21132K, committed 21248K, reserved 1067008K
  class space    used 2918K, capacity 3066K, committed 3072K, reserved 1048576K
}
Event: 15.139 GC heap before
{Heap before GC invocations=8 (full 1):
 PSYoungGen      total 131584K, used 122880K [0x00000000e0000000, 0x00000000e8a00000, 0x0000000100000000)
  eden space 122880K, 100% used [0x00000000e0000000,0x00000000e7800000,0x00000000e7800000)
  from space 8704K, 0% used [0x00000000e8180000,0x00000000e8180000,0x00000000e8a00000)
  to   space 9216K, 0% used [0x00000000e7800000,0x00000000e7800000,0x00000000e8100000)
 ParOldGen       total 36352K, used 10902K [0x00000000a0000000, 0x00000000a2380000, 0x00000000e0000000)
  object space 36352K, 29% used [0x00000000a0000000,0x00000000a0aa5a20,0x00000000a2380000)
 Metaspace       used 31316K, capacity 31780K, committed 32128K, reserved 1077248K
  class space    used 4313K, capacity 4471K, committed 4480K, reserved 1048576K
Event: 15.166 GC heap after
Heap after GC invocations=8 (full 1):
 PSYoungGen      total 132096K, used 9200K [0x00000000e0000000, 0x00000000e8a00000, 0x0000000100000000)
  eden space 122880K, 0% used [0x00000000e0000000,0x00000000e0000000,0x00000000e7800000)
  from space 9216K, 99% used [0x00000000e7800000,0x00000000e80fc0d0,0x00000000e8100000)
  to   space 8704K, 0% used [0x00000000e8180000,0x00000000e8180000,0x00000000e8a00000)
 ParOldGen       total 36352K, used 13610K [0x00000000a0000000, 0x00000000a2380000, 0x00000000e0000000)
  object space 36352K, 37% used [0x00000000a0000000,0x00000000a0d4a980,0x00000000a2380000)
 Metaspace       used 31316K, capacity 31780K, committed 32128K, reserved 1077248K
  class space    used 4313K, capacity 4471K, committed 4480K, reserved 1048576K
}
Event: 21.205 GC heap before
{Heap before GC invocations=9 (full 1):
 PSYoungGen      total 132096K, used 72882K [0x00000000e0000000, 0x00000000e8a00000, 0x0000000100000000)
  eden space 122880K, 51% used [0x00000000e0000000,0x00000000e3e30a30,0x00000000e7800000)
  from space 9216K, 99% used [0x00000000e7800000,0x00000000e80fc0d0,0x00000000e8100000)
  to   space 8704K, 0% used [0x00000000e8180000,0x00000000e8180000,0x00000000e8a00000)
 ParOldGen       total 36352K, used 13610K [0x00000000a0000000, 0x00000000a2380000, 0x00000000e0000000)
  object space 36352K, 37% used [0x00000000a0000000,0x00000000a0d4a980,0x00000000a2380000)
 Metaspace       used 34694K, capacity 35260K, committed 35416K, reserved 1079296K
  class space    used 4768K, capacity 4937K, committed 4992K, reserved 1048576K
Event: 21.225 GC heap after
Heap after GC invocations=9 (full 1):
 PSYoungGen      total 131584K, used 8682K [0x00000000e0000000, 0x00000000e8a00000, 0x0000000100000000)
  eden space 122880K, 0% used [0x00000000e0000000,0x00000000e0000000,0x00000000e7800000)
  from space 8704K, 99% used [0x00000000e8180000,0x00000000e89fa868,0x00000000e8a00000)
  to   space 9216K, 0% used [0x00000000e7800000,0x00000000e7800000,0x00000000e8100000)
 ParOldGen       total 36352K, used 16030K [0x00000000a0000000, 0x00000000a2380000, 0x00000000e0000000)
  object space 36352K, 44% used [0x00000000a0000000,0x00000000a0fa7990,0x00000000a2380000)
 Metaspace       used 34694K, capacity 35260K, committed 35416K, reserved 1079296K
  class space    used 4768K, capacity 4937K, committed 4992K, reserved 1048576K
}
Event: 21.225 GC heap before
{Heap before GC invocations=10 (full 2):
 PSYoungGen      total 131584K, used 8682K [0x00000000e0000000, 0x00000000e8a00000, 0x0000000100000000)
  eden space 122880K, 0% used [0x00000000e0000000,0x00000000e0000000,0x00000000e7800000)
  from space 8704K, 99% used [0x00000000e8180000,0x00000000e89fa868,0x00000000e8a00000)
  to   space 9216K, 0% used [0x00000000e7800000,0x00000000e7800000,0x00000000e8100000)
 ParOldGen       total 36352K, used 16030K [0x00000000a0000000, 0x00000000a2380000, 0x00000000e0000000)
  object space 36352K, 44% used [0x00000000a0000000,0x00000000a0fa7990,0x00000000a2380000)
 Metaspace       used 34694K, capacity 35260K, committed 35416K, reserved 1079296K
  class space    used 4768K, capacity 4937K, committed 4992K, reserved 1048576K
Event: 21.428 GC heap after
Heap after GC invocations=10 (full 2):
 PSYoungGen      total 131584K, used 0K [0x00000000e0000000, 0x00000000e8a00000, 0x0000000100000000)
  eden space 122880K, 0% used [0x00000000e0000000,0x00000000e0000000,0x00000000e7800000)
  from space 8704K, 0% used [0x00000000e8180000,0x00000000e8180000,0x00000000e8a00000)
  to   space 9216K, 0% used [0x00000000e7800000,0x00000000e7800000,0x00000000e8100000)
 ParOldGen       total 48128K, used 17656K [0x00000000a0000000, 0x00000000a2f00000, 0x00000000e0000000)
  object space 48128K, 36% used [0x00000000a0000000,0x00000000a113e120,0x00000000a2f00000)
 Metaspace       used 34694K, capacity 35260K, committed 35416K, reserved 1079296K
  class space    used 4768K, capacity 4937K, committed 4992K, reserved 1048576K
}

